<?xml version="1.0" encoding="UTF-8"?>
<!-- Generated by org.testng.reporters.JUnitXMLReporter -->
<testsuite hostname="ATMECSINLT-002" ignored="0" name="Test4" tests="3" failures="0" timestamp="04 Sep 2019 07:19:18 GMT" time="77.069" errors="0">
  <testcase name="openURL" time="0.384" classname="com.cheapticket.testscript.TwoWayFlightBooking"/>
  <testcase name="search" time="32.645" classname="com.cheapticket.testscript.TwoWayFlightBooking"/>
  <testcase name="search" time="34.341" classname="com.cheapticket.testscript.TwoWayFlightBooking"/>
</testsuite> <!-- Test4 -->
